<?xml version="1.0" encoding="UTF-8"?>
<!-- Generated by org.testng.reporters.JUnitReportReporter -->
<testsuite hostname="LAPTOP-L4ML7MMC" name="se.nackademin.examination.examination_jacoco.ResultsFromInputsTest" tests="4" failures="0" timestamp="16 Oct 2016 18:17:49 GMT" time="0.001" errors="0">
  <testcase name="testHomeCityGettersAndSettersMethods" time="0.001" classname="se.nackademin.examination.examination_jacoco.ResultsFromInputsTest"/>
  <testcase name="testGenderGettersAndSettersMethods" time="0.000" classname="se.nackademin.examination.examination_jacoco.ResultsFromInputsTest"/>
  <testcase name="testAgeGettersAndSettersMethods" time="0.000" classname="se.nackademin.examination.examination_jacoco.ResultsFromInputsTest"/>
  <testcase name="testNameLengthGettersAndSettersMethods" time="0.000" classname="se.nackademin.examination.examination_jacoco.ResultsFromInputsTest"/>
</testsuite> <!-- se.nackademin.examination.examination_jacoco.ResultsFromInputsTest -->
